Flow report for altera_eth_top
Wed Mar  1 13:25:26 2023
Quartus Prime Version 18.1.0 Build 222 09/21/2018 SJ Pro Edition


---------------------
; Table of Contents ;
---------------------
  1. Parallel Compilation
  2. Legal Notice
  3. Flow Summary
  4. Flow Settings
  5. Flow Non-Default Global Settings
  6. Flow Elapsed Time
  7. Flow OS Summary
  8. Flow Log



+-------------------------------------+
; Parallel Compilation                ;
+----------------------------+--------+
; Processors                 ; Number ;
+----------------------------+--------+
; Number detected on machine ; 8      ;
; Maximum allowed            ; 4      ;
; Maximum used               ; 4      ;
+----------------------------+--------+


----------------
; Legal Notice ;
----------------
Copyright (C) 2018  Intel Corporation. All rights reserved.
Your use of Intel Corporation's design tools, logic functions 
and other software and tools, and its AMPP partner logic 
functions, and any output files from any of the foregoing 
(including device programming or simulation files), and any 
associated documentation or information are expressly subject 
to the terms and conditions of the Intel Program License 
Subscription Agreement, the Intel Quartus Prime License Agreement,
the Intel FPGA IP License Agreement, or other applicable license
agreement, including, without limitation, that your use is for
the sole purpose of programming logic devices manufactured by
Intel and sold by Intel or its authorized distributors.  Please
refer to the applicable agreement for further details.



+--------------------------------------------------------------------------+
; Flow Summary                                                             ;
+-----------------------------+--------------------------------------------+
; Flow Status                 ; Successful - Wed Mar  1 13:25:26 2023      ;
; Quartus Prime Version       ; 18.1.0 Build 222 09/21/2018 SJ Pro Edition ;
; Revision Name               ; altera_eth_top                             ;
; Top-level Entity Name       ; altera_eth_top                             ;
; Family                      ; Cyclone 10 GX                              ;
; Device                      ; 10CX220YF780I5G                            ;
; Timing Models               ; Final                                      ;
; Logic utilization (in ALMs) ; 14,342 / 80,330 ( 18 % )                   ;
; Total registers             ; 19937                                      ;
; Total pins                  ; 25 / 340 ( 7 % )                           ;
; Total virtual pins          ; 6                                          ;
; Total block memory bits     ; 703,840 / 12,021,760 ( 6 % )               ;
; Total DSP Blocks            ; 0 / 192 ( 0 % )                            ;
; Total HSSI RX channels      ; 2 / 12 ( 17 % )                            ;
; Total HSSI TX channels      ; 2 / 12 ( 17 % )                            ;
; Total PLLs                  ; 14 / 30 ( 47 % )                           ;
+-----------------------------+--------------------------------------------+


+-----------------------------------------+
; Flow Settings                           ;
+-------------------+---------------------+
; Option            ; Setting             ;
+-------------------+---------------------+
; Start date & time ; 03/01/2023 13:12:25 ;
; Main task         ; Compilation         ;
; Revision Name     ; altera_eth_top      ;
+-------------------+---------------------+


+-----------------------------------------------------------------------------------------------------------------------------------------------------------------------------------------------------------------------------------------------------------------------------------------------------------------------------------------+
; Flow Non-Default Global Settings                                                                                                                                                                                                                                                                                                        ;
+-------------------------------------+--------------------------------------------------------------------------------------------------------------------------------------------------------------------+---------------+-------------------------------------------------------------------------------------------------+------------+
; Assignment Name                     ; Value                                                                                                                                                              ; Default Value ; Entity Name                                                                                     ; Section Id ;
+-------------------------------------+--------------------------------------------------------------------------------------------------------------------------------------------------------------------+---------------+-------------------------------------------------------------------------------------------------+------------+
; COMPILER_SIGNATURE_ID               ; 159303461227190.167769434512540                                                                                                                                    ; --            ; --                                                                                              ; --         ;
; MISC_FILE                           ; rtl/address_decoder/address_decoder_channel/address_decoder_channel.cmp                                                                                            ; --            ; --                                                                                              ; --         ;
; MISC_FILE                           ; rtl/address_decoder/address_decoder_channel/../address_decoder_channel.qsys                                                                                        ; --            ; --                                                                                              ; --         ;
; MISC_FILE                           ; rtl/address_decoder/address_decoder_multi_channel/address_decoder_multi_channel.cmp                                                                                ; --            ; --                                                                                              ; --         ;
; MISC_FILE                           ; rtl/address_decoder/address_decoder_multi_channel/../address_decoder_multi_channel.qsys                                                                            ; --            ; --                                                                                              ; --         ;
; MISC_FILE                           ; rtl/address_decoder/address_decoder_top/address_decoder_top.cmp                                                                                                    ; --            ; --                                                                                              ; --         ;
; MISC_FILE                           ; rtl/address_decoder/address_decoder_top/../address_decoder_top.qsys                                                                                                ; --            ; --                                                                                              ; --         ;
; MISC_FILE                           ; rtl/address_decoder/ip/address_decoder_channel/address_decoder_channel_csr_clk/address_decoder_channel_csr_clk.cmp                                                 ; --            ; --                                                                                              ; --         ;
; MISC_FILE                           ; rtl/address_decoder/ip/address_decoder_channel/address_decoder_channel_csr_clk/../address_decoder_channel_csr_clk.ip                                               ; --            ; --                                                                                              ; --         ;
; MISC_FILE                           ; rtl/address_decoder/ip/address_decoder_channel/address_decoder_channel_mac/address_decoder_channel_mac.cmp                                                         ; --            ; --                                                                                              ; --         ;
; MISC_FILE                           ; rtl/address_decoder/ip/address_decoder_channel/address_decoder_channel_mac/../address_decoder_channel_mac.ip                                                       ; --            ; --                                                                                              ; --         ;
; MISC_FILE                           ; rtl/address_decoder/ip/address_decoder_channel/address_decoder_channel_master/address_decoder_channel_master.cmp                                                   ; --            ; --                                                                                              ; --         ;
; MISC_FILE                           ; rtl/address_decoder/ip/address_decoder_channel/address_decoder_channel_master/../address_decoder_channel_master.ip                                                 ; --            ; --                                                                                              ; --         ;
; MISC_FILE                           ; rtl/address_decoder/ip/address_decoder_channel/address_decoder_channel_phy/address_decoder_channel_phy.cmp                                                         ; --            ; --                                                                                              ; --         ;
; MISC_FILE                           ; rtl/address_decoder/ip/address_decoder_channel/address_decoder_channel_phy/../address_decoder_channel_phy.ip                                                       ; --            ; --                                                                                              ; --         ;
; MISC_FILE                           ; rtl/address_decoder/ip/address_decoder_channel/address_decoder_channel_xcvr_rcfg/address_decoder_channel_xcvr_rcfg.cmp                                             ; --            ; --                                                                                              ; --         ;
; MISC_FILE                           ; rtl/address_decoder/ip/address_decoder_channel/address_decoder_channel_xcvr_rcfg/../address_decoder_channel_xcvr_rcfg.ip                                           ; --            ; --                                                                                              ; --         ;
; MISC_FILE                           ; rtl/address_decoder/ip/address_decoder_multi_channel/address_decoder_multi_channel_channel_0/address_decoder_multi_channel_channel_0.cmp                           ; --            ; --                                                                                              ; --         ;
; MISC_FILE                           ; rtl/address_decoder/ip/address_decoder_multi_channel/address_decoder_multi_channel_channel_0/../address_decoder_multi_channel_channel_0.ip                         ; --            ; --                                                                                              ; --         ;
; MISC_FILE                           ; rtl/address_decoder/ip/address_decoder_multi_channel/address_decoder_multi_channel_channel_1/address_decoder_multi_channel_channel_1.cmp                           ; --            ; --                                                                                              ; --         ;
; MISC_FILE                           ; rtl/address_decoder/ip/address_decoder_multi_channel/address_decoder_multi_channel_channel_1/../address_decoder_multi_channel_channel_1.ip                         ; --            ; --                                                                                              ; --         ;
; MISC_FILE                           ; rtl/address_decoder/ip/address_decoder_multi_channel/address_decoder_multi_channel_channel_10/address_decoder_multi_channel_channel_10.cmp                         ; --            ; --                                                                                              ; --         ;
; MISC_FILE                           ; rtl/address_decoder/ip/address_decoder_multi_channel/address_decoder_multi_channel_channel_10/../address_decoder_multi_channel_channel_10.ip                       ; --            ; --                                                                                              ; --         ;
; MISC_FILE                           ; rtl/address_decoder/ip/address_decoder_multi_channel/address_decoder_multi_channel_channel_11/address_decoder_multi_channel_channel_11.cmp                         ; --            ; --                                                                                              ; --         ;
; MISC_FILE                           ; rtl/address_decoder/ip/address_decoder_multi_channel/address_decoder_multi_channel_channel_11/../address_decoder_multi_channel_channel_11.ip                       ; --            ; --                                                                                              ; --         ;
; MISC_FILE                           ; rtl/address_decoder/ip/address_decoder_multi_channel/address_decoder_multi_channel_channel_2/address_decoder_multi_channel_channel_2.cmp                           ; --            ; --                                                                                              ; --         ;
; MISC_FILE                           ; rtl/address_decoder/ip/address_decoder_multi_channel/address_decoder_multi_channel_channel_2/../address_decoder_multi_channel_channel_2.ip                         ; --            ; --                                                                                              ; --         ;
; MISC_FILE                           ; rtl/address_decoder/ip/address_decoder_multi_channel/address_decoder_multi_channel_channel_3/address_decoder_multi_channel_channel_3.cmp                           ; --            ; --                                                                                              ; --         ;
; MISC_FILE                           ; rtl/address_decoder/ip/address_decoder_multi_channel/address_decoder_multi_channel_channel_3/../address_decoder_multi_channel_channel_3.ip                         ; --            ; --                                                                                              ; --         ;
; MISC_FILE                           ; rtl/address_decoder/ip/address_decoder_multi_channel/address_decoder_multi_channel_channel_4/address_decoder_multi_channel_channel_4.cmp                           ; --            ; --                                                                                              ; --         ;
; MISC_FILE                           ; rtl/address_decoder/ip/address_decoder_multi_channel/address_decoder_multi_channel_channel_4/../address_decoder_multi_channel_channel_4.ip                         ; --            ; --                                                                                              ; --         ;
; MISC_FILE                           ; rtl/address_decoder/ip/address_decoder_multi_channel/address_decoder_multi_channel_channel_5/address_decoder_multi_channel_channel_5.cmp                           ; --            ; --                                                                                              ; --         ;
; MISC_FILE                           ; rtl/address_decoder/ip/address_decoder_multi_channel/address_decoder_multi_channel_channel_5/../address_decoder_multi_channel_channel_5.ip                         ; --            ; --                                                                                              ; --         ;
; MISC_FILE                           ; rtl/address_decoder/ip/address_decoder_multi_channel/address_decoder_multi_channel_channel_6/address_decoder_multi_channel_channel_6.cmp                           ; --            ; --                                                                                              ; --         ;
; MISC_FILE                           ; rtl/address_decoder/ip/address_decoder_multi_channel/address_decoder_multi_channel_channel_6/../address_decoder_multi_channel_channel_6.ip                         ; --            ; --                                                                                              ; --         ;
; MISC_FILE                           ; rtl/address_decoder/ip/address_decoder_multi_channel/address_decoder_multi_channel_channel_7/address_decoder_multi_channel_channel_7.cmp                           ; --            ; --                                                                                              ; --         ;
; MISC_FILE                           ; rtl/address_decoder/ip/address_decoder_multi_channel/address_decoder_multi_channel_channel_7/../address_decoder_multi_channel_channel_7.ip                         ; --            ; --                                                                                              ; --         ;
; MISC_FILE                           ; rtl/address_decoder/ip/address_decoder_multi_channel/address_decoder_multi_channel_channel_8/address_decoder_multi_channel_channel_8.cmp                           ; --            ; --                                                                                              ; --         ;
; MISC_FILE                           ; rtl/address_decoder/ip/address_decoder_multi_channel/address_decoder_multi_channel_channel_8/../address_decoder_multi_channel_channel_8.ip                         ; --            ; --                                                                                              ; --         ;
; MISC_FILE                           ; rtl/address_decoder/ip/address_decoder_multi_channel/address_decoder_multi_channel_channel_9/address_decoder_multi_channel_channel_9.cmp                           ; --            ; --                                                                                              ; --         ;
; MISC_FILE                           ; rtl/address_decoder/ip/address_decoder_multi_channel/address_decoder_multi_channel_channel_9/../address_decoder_multi_channel_channel_9.ip                         ; --            ; --                                                                                              ; --         ;
; MISC_FILE                           ; rtl/address_decoder/ip/address_decoder_multi_channel/address_decoder_multi_channel_csr_clk/address_decoder_multi_channel_csr_clk.cmp                               ; --            ; --                                                                                              ; --         ;
; MISC_FILE                           ; rtl/address_decoder/ip/address_decoder_multi_channel/address_decoder_multi_channel_csr_clk/../address_decoder_multi_channel_csr_clk.ip                             ; --            ; --                                                                                              ; --         ;
; MISC_FILE                           ; rtl/address_decoder/ip/address_decoder_multi_channel/address_decoder_multi_channel_master/address_decoder_multi_channel_master.cmp                                 ; --            ; --                                                                                              ; --         ;
; MISC_FILE                           ; rtl/address_decoder/ip/address_decoder_multi_channel/address_decoder_multi_channel_master/../address_decoder_multi_channel_master.ip                               ; --            ; --                                                                                              ; --         ;
; MISC_FILE                           ; rtl/address_decoder/ip/address_decoder_top/address_decoder_top_csr_clk/address_decoder_top_csr_clk.cmp                                                             ; --            ; --                                                                                              ; --         ;
; MISC_FILE                           ; rtl/address_decoder/ip/address_decoder_top/address_decoder_top_csr_clk/../address_decoder_top_csr_clk.ip                                                           ; --            ; --                                                                                              ; --         ;
; MISC_FILE                           ; rtl/address_decoder/ip/address_decoder_top/address_decoder_top_mac_clk/address_decoder_top_mac_clk.cmp                                                             ; --            ; --                                                                                              ; --         ;
; MISC_FILE                           ; rtl/address_decoder/ip/address_decoder_top/address_decoder_top_mac_clk/../address_decoder_top_mac_clk.ip                                                           ; --            ; --                                                                                              ; --         ;
; MISC_FILE                           ; rtl/address_decoder/ip/address_decoder_top/address_decoder_top_master/address_decoder_top_master.cmp                                                               ; --            ; --                                                                                              ; --         ;
; MISC_FILE                           ; rtl/address_decoder/ip/address_decoder_top/address_decoder_top_master/../address_decoder_top_master.ip                                                             ; --            ; --                                                                                              ; --         ;
; MISC_FILE                           ; rtl/address_decoder/ip/address_decoder_top/address_decoder_top_mm_clock_crossing_bridge/address_decoder_top_mm_clock_crossing_bridge.cmp                           ; --            ; --                                                                                              ; --         ;
; MISC_FILE                           ; rtl/address_decoder/ip/address_decoder_top/address_decoder_top_mm_clock_crossing_bridge/../address_decoder_top_mm_clock_crossing_bridge.ip                         ; --            ; --                                                                                              ; --         ;
; MISC_FILE                           ; rtl/address_decoder/ip/address_decoder_top/address_decoder_top_multi_channel/address_decoder_top_multi_channel.cmp                                                 ; --            ; --                                                                                              ; --         ;
; MISC_FILE                           ; rtl/address_decoder/ip/address_decoder_top/address_decoder_top_multi_channel/../address_decoder_top_multi_channel.ip                                               ; --            ; --                                                                                              ; --         ;
; MISC_FILE                           ; rtl/address_decoder/ip/address_decoder_top/address_decoder_top_traffic_controller_ch_0_1/address_decoder_top_traffic_controller_ch_0_1.cmp                         ; --            ; --                                                                                              ; --         ;
; MISC_FILE                           ; rtl/address_decoder/ip/address_decoder_top/address_decoder_top_traffic_controller_ch_0_1/../address_decoder_top_traffic_controller_ch_0_1.ip                       ; --            ; --                                                                                              ; --         ;
; MISC_FILE                           ; rtl/address_decoder/ip/address_decoder_top/address_decoder_top_traffic_controller_ch_10_11/address_decoder_top_traffic_controller_ch_10_11.cmp                     ; --            ; --                                                                                              ; --         ;
; MISC_FILE                           ; rtl/address_decoder/ip/address_decoder_top/address_decoder_top_traffic_controller_ch_10_11/../address_decoder_top_traffic_controller_ch_10_11.ip                   ; --            ; --                                                                                              ; --         ;
; MISC_FILE                           ; rtl/address_decoder/ip/address_decoder_top/address_decoder_top_traffic_controller_ch_2_3/address_decoder_top_traffic_controller_ch_2_3.cmp                         ; --            ; --                                                                                              ; --         ;
; MISC_FILE                           ; rtl/address_decoder/ip/address_decoder_top/address_decoder_top_traffic_controller_ch_2_3/../address_decoder_top_traffic_controller_ch_2_3.ip                       ; --            ; --                                                                                              ; --         ;
; MISC_FILE                           ; rtl/address_decoder/ip/address_decoder_top/address_decoder_top_traffic_controller_ch_4_5/address_decoder_top_traffic_controller_ch_4_5.cmp                         ; --            ; --                                                                                              ; --         ;
; MISC_FILE                           ; rtl/address_decoder/ip/address_decoder_top/address_decoder_top_traffic_controller_ch_4_5/../address_decoder_top_traffic_controller_ch_4_5.ip                       ; --            ; --                                                                                              ; --         ;
; MISC_FILE                           ; rtl/address_decoder/ip/address_decoder_top/address_decoder_top_traffic_controller_ch_6_7/address_decoder_top_traffic_controller_ch_6_7.cmp                         ; --            ; --                                                                                              ; --         ;
; MISC_FILE                           ; rtl/address_decoder/ip/address_decoder_top/address_decoder_top_traffic_controller_ch_6_7/../address_decoder_top_traffic_controller_ch_6_7.ip                       ; --            ; --                                                                                              ; --         ;
; MISC_FILE                           ; rtl/address_decoder/ip/address_decoder_top/address_decoder_top_traffic_controller_ch_8_9/address_decoder_top_traffic_controller_ch_8_9.cmp                         ; --            ; --                                                                                              ; --         ;
; MISC_FILE                           ; rtl/address_decoder/ip/address_decoder_top/address_decoder_top_traffic_controller_ch_8_9/../address_decoder_top_traffic_controller_ch_8_9.ip                       ; --            ; --                                                                                              ; --         ;
; MISC_FILE                           ; rtl/jtag_avalon_master/alt_jtag_csr_master/alt_jtag_csr_master.cmp                                                                                                 ; --            ; --                                                                                              ; --         ;
; MISC_FILE                           ; rtl/jtag_avalon_master/alt_jtag_csr_master/../alt_jtag_csr_master.ip                                                                                               ; --            ; --                                                                                              ; --         ;
; MISC_FILE                           ; rtl/mac/alt_usxgmii_mac/alt_usxgmii_mac.cmp                                                                                                                        ; --            ; --                                                                                              ; --         ;
; MISC_FILE                           ; rtl/mac/alt_usxgmii_mac/../alt_usxgmii_mac.ip                                                                                                                      ; --            ; --                                                                                              ; --         ;
; MISC_FILE                           ; rtl/phy/alt_usxgmii_phy/alt_usxgmii_phy.cmp                                                                                                                        ; --            ; --                                                                                              ; --         ;
; MISC_FILE                           ; rtl/phy/alt_usxgmii_phy/../alt_usxgmii_phy.ip                                                                                                                      ; --            ; --                                                                                              ; --         ;
; MISC_FILE                           ; rtl/pll_atxpll/alt_mge_xcvr_atx_pll_10g/alt_mge_xcvr_atx_pll_10g.cmp                                                                                               ; --            ; --                                                                                              ; --         ;
; MISC_FILE                           ; rtl/pll_atxpll/alt_mge_xcvr_atx_pll_10g/../alt_mge_xcvr_atx_pll_10g.ip                                                                                             ; --            ; --                                                                                              ; --         ;
; MISC_FILE                           ; rtl/pll_fpll/alt_mge_core_pll/alt_mge_core_pll.cmp                                                                                                                 ; --            ; --                                                                                              ; --         ;
; MISC_FILE                           ; rtl/pll_fpll/alt_mge_core_pll/../alt_mge_core_pll.ip                                                                                                               ; --            ; --                                                                                              ; --         ;
; MISC_FILE                           ; rtl/xcvr_reset_controller/alt_mge_xcvr_reset_ctrl_channel/alt_mge_xcvr_reset_ctrl_channel.cmp                                                                      ; --            ; --                                                                                              ; --         ;
; MISC_FILE                           ; rtl/xcvr_reset_controller/alt_mge_xcvr_reset_ctrl_channel/../alt_mge_xcvr_reset_ctrl_channel.ip                                                                    ; --            ; --                                                                                              ; --         ;
; MISC_FILE                           ; rtl/xcvr_reset_controller/alt_mge_xcvr_reset_ctrl_txpll/alt_mge_xcvr_reset_ctrl_txpll.cmp                                                                          ; --            ; --                                                                                              ; --         ;
; MISC_FILE                           ; rtl/xcvr_reset_controller/alt_mge_xcvr_reset_ctrl_txpll/../alt_mge_xcvr_reset_ctrl_txpll.ip                                                                        ; --            ; --                                                                                              ; --         ;
; PARTITION_COLOR                     ; -- (Not supported for targeted family)                                                                                                                             ; --            ; --                                                                                              ; Top        ;
; PARTITION_FITTER_PRESERVATION_LEVEL ; -- (Not supported for targeted family)                                                                                                                             ; --            ; --                                                                                              ; Top        ;
; PARTITION_NETLIST_TYPE              ; -- (Not supported for targeted family)                                                                                                                             ; --            ; --                                                                                              ; Top        ;
; POWER_BOARD_THERMAL_MODEL           ; None (CONSERVATIVE)                                                                                                                                                ; --            ; --                                                                                              ; --         ;
; POWER_PRESET_COOLING_SOLUTION       ; 23 MM HEAT SINK WITH 200 LFPM AIRFLOW                                                                                                                              ; --            ; --                                                                                              ; --         ;
; SDC_ENTITY_FILE                     ; rtl/address_decoder/ip/address_decoder_top/address_decoder_top_mm_clock_crossing_bridge/altera_avalon_mm_clock_crossing_bridge_181/synth/altera_avalon_dc_fifo.sdc ; --            ; address_decoder_top_mm_clock_crossing_bridge_altera_avalon_mm_clock_crossing_bridge_181_kqxyhsq ; --         ;
; SDC_ENTITY_FILE                     ; rtl/mac/alt_usxgmii_mac/alt_em10g32_181/synth/altera_reset_controller.sdc                                                                                          ; --            ; alt_em10g32                                                                                     ; --         ;
; SDC_ENTITY_FILE                     ; rtl/mac/alt_usxgmii_mac/alt_em10g32_181/synth/low_latency_10G_ethernet.sdc                                                                                         ; --            ; alt_em10g32                                                                                     ; --         ;
; SDC_ENTITY_FILE                     ; rtl/phy/alt_usxgmii_phy/alt_mge_phy_pcs_181/synth/alt_mge_phy_usxg32_pcs.sdc                                                                                       ; --            ; alt_mge_phy_pcs                                                                                 ; --         ;
; SDC_ENTITY_FILE                     ; rtl/jtag_avalon_master/alt_jtag_csr_master/altera_jtag_dc_streaming_181/synth/altera_avalon_st_jtag_interface.sdc                                                  ; --            ; altera_avalon_st_jtag_interface                                                                 ; --         ;
; SDC_ENTITY_FILE                     ; rtl/address_decoder/address_decoder_channel/altera_reset_controller_181/synth/altera_reset_controller.sdc                                                          ; --            ; altera_reset_controller                                                                         ; --         ;
; SDC_ENTITY_FILE                     ; rtl/address_decoder/address_decoder_multi_channel/altera_reset_controller_181/synth/altera_reset_controller.sdc                                                    ; --            ; altera_reset_controller                                                                         ; --         ;
; SDC_ENTITY_FILE                     ; rtl/address_decoder/address_decoder_top/altera_reset_controller_181/synth/altera_reset_controller.sdc                                                              ; --            ; altera_reset_controller                                                                         ; --         ;
; SDC_ENTITY_FILE                     ; rtl/jtag_avalon_master/alt_jtag_csr_master/altera_reset_controller_181/synth/altera_reset_controller.sdc                                                           ; --            ; altera_reset_controller                                                                         ; --         ;
; SLD_INFO                            ; QSYS_NAME address_decoder_channel HAS_SOPCINFO 1 GENERATION_ID 0                                                                                                   ; --            ; address_decoder_channel                                                                         ; --         ;
; SLD_INFO                            ; QSYS_NAME address_decoder_channel_csr_clk HAS_SOPCINFO 1 GENERATION_ID 0                                                                                           ; --            ; address_decoder_channel_csr_clk                                                                 ; --         ;
; SLD_INFO                            ; QSYS_NAME address_decoder_channel_mac HAS_SOPCINFO 1 GENERATION_ID 0                                                                                               ; --            ; address_decoder_channel_mac                                                                     ; --         ;
; SLD_INFO                            ; QSYS_NAME address_decoder_channel_master HAS_SOPCINFO 1 GENERATION_ID 0                                                                                            ; --            ; address_decoder_channel_master                                                                  ; --         ;
; SLD_INFO                            ; QSYS_NAME address_decoder_channel_phy HAS_SOPCINFO 1 GENERATION_ID 0                                                                                               ; --            ; address_decoder_channel_phy                                                                     ; --         ;
; SLD_INFO                            ; QSYS_NAME address_decoder_channel_xcvr_rcfg HAS_SOPCINFO 1 GENERATION_ID 0                                                                                         ; --            ; address_decoder_channel_xcvr_rcfg                                                               ; --         ;
; SLD_INFO                            ; QSYS_NAME address_decoder_multi_channel HAS_SOPCINFO 1 GENERATION_ID 0                                                                                             ; --            ; address_decoder_multi_channel                                                                   ; --         ;
; SLD_INFO                            ; QSYS_NAME address_decoder_multi_channel_channel_0 HAS_SOPCINFO 1 GENERATION_ID 0                                                                                   ; --            ; address_decoder_multi_channel_channel_0                                                         ; --         ;
; SLD_INFO                            ; QSYS_NAME address_decoder_multi_channel_channel_1 HAS_SOPCINFO 1 GENERATION_ID 0                                                                                   ; --            ; address_decoder_multi_channel_channel_1                                                         ; --         ;
; SLD_INFO                            ; QSYS_NAME address_decoder_multi_channel_channel_10 HAS_SOPCINFO 1 GENERATION_ID 0                                                                                  ; --            ; address_decoder_multi_channel_channel_10                                                        ; --         ;
; SLD_INFO                            ; QSYS_NAME address_decoder_multi_channel_channel_11 HAS_SOPCINFO 1 GENERATION_ID 0                                                                                  ; --            ; address_decoder_multi_channel_channel_11                                                        ; --         ;
; SLD_INFO                            ; QSYS_NAME address_decoder_multi_channel_channel_2 HAS_SOPCINFO 1 GENERATION_ID 0                                                                                   ; --            ; address_decoder_multi_channel_channel_2                                                         ; --         ;
; SLD_INFO                            ; QSYS_NAME address_decoder_multi_channel_channel_3 HAS_SOPCINFO 1 GENERATION_ID 0                                                                                   ; --            ; address_decoder_multi_channel_channel_3                                                         ; --         ;
; SLD_INFO                            ; QSYS_NAME address_decoder_multi_channel_channel_4 HAS_SOPCINFO 1 GENERATION_ID 0                                                                                   ; --            ; address_decoder_multi_channel_channel_4                                                         ; --         ;
; SLD_INFO                            ; QSYS_NAME address_decoder_multi_channel_channel_5 HAS_SOPCINFO 1 GENERATION_ID 0                                                                                   ; --            ; address_decoder_multi_channel_channel_5                                                         ; --         ;
; SLD_INFO                            ; QSYS_NAME address_decoder_multi_channel_channel_6 HAS_SOPCINFO 1 GENERATION_ID 0                                                                                   ; --            ; address_decoder_multi_channel_channel_6                                                         ; --         ;
; SLD_INFO                            ; QSYS_NAME address_decoder_multi_channel_channel_7 HAS_SOPCINFO 1 GENERATION_ID 0                                                                                   ; --            ; address_decoder_multi_channel_channel_7                                                         ; --         ;
; SLD_INFO                            ; QSYS_NAME address_decoder_multi_channel_channel_8 HAS_SOPCINFO 1 GENERATION_ID 0                                                                                   ; --            ; address_decoder_multi_channel_channel_8                                                         ; --         ;
; SLD_INFO                            ; QSYS_NAME address_decoder_multi_channel_channel_9 HAS_SOPCINFO 1 GENERATION_ID 0                                                                                   ; --            ; address_decoder_multi_channel_channel_9                                                         ; --         ;
; SLD_INFO                            ; QSYS_NAME address_decoder_multi_channel_csr_clk HAS_SOPCINFO 1 GENERATION_ID 0                                                                                     ; --            ; address_decoder_multi_channel_csr_clk                                                           ; --         ;
; SLD_INFO                            ; QSYS_NAME address_decoder_multi_channel_master HAS_SOPCINFO 1 GENERATION_ID 0                                                                                      ; --            ; address_decoder_multi_channel_master                                                            ; --         ;
; SLD_INFO                            ; QSYS_NAME address_decoder_top HAS_SOPCINFO 1 GENERATION_ID 0                                                                                                       ; --            ; address_decoder_top                                                                             ; --         ;
; SLD_INFO                            ; QSYS_NAME address_decoder_top_csr_clk HAS_SOPCINFO 1 GENERATION_ID 0                                                                                               ; --            ; address_decoder_top_csr_clk                                                                     ; --         ;
; SLD_INFO                            ; QSYS_NAME address_decoder_top_mac_clk HAS_SOPCINFO 1 GENERATION_ID 0                                                                                               ; --            ; address_decoder_top_mac_clk                                                                     ; --         ;
; SLD_INFO                            ; QSYS_NAME address_decoder_top_master HAS_SOPCINFO 1 GENERATION_ID 0                                                                                                ; --            ; address_decoder_top_master                                                                      ; --         ;
; SLD_INFO                            ; QSYS_NAME address_decoder_top_mm_clock_crossing_bridge HAS_SOPCINFO 1 GENERATION_ID 0                                                                              ; --            ; address_decoder_top_mm_clock_crossing_bridge                                                    ; --         ;
; SLD_INFO                            ; QSYS_NAME address_decoder_top_multi_channel HAS_SOPCINFO 1 GENERATION_ID 0                                                                                         ; --            ; address_decoder_top_multi_channel                                                               ; --         ;
; SLD_INFO                            ; QSYS_NAME address_decoder_top_traffic_controller_ch_0_1 HAS_SOPCINFO 1 GENERATION_ID 0                                                                             ; --            ; address_decoder_top_traffic_controller_ch_0_1                                                   ; --         ;
; SLD_INFO                            ; QSYS_NAME address_decoder_top_traffic_controller_ch_10_11 HAS_SOPCINFO 1 GENERATION_ID 0                                                                           ; --            ; address_decoder_top_traffic_controller_ch_10_11                                                 ; --         ;
; SLD_INFO                            ; QSYS_NAME address_decoder_top_traffic_controller_ch_2_3 HAS_SOPCINFO 1 GENERATION_ID 0                                                                             ; --            ; address_decoder_top_traffic_controller_ch_2_3                                                   ; --         ;
; SLD_INFO                            ; QSYS_NAME address_decoder_top_traffic_controller_ch_4_5 HAS_SOPCINFO 1 GENERATION_ID 0                                                                             ; --            ; address_decoder_top_traffic_controller_ch_4_5                                                   ; --         ;
; SLD_INFO                            ; QSYS_NAME address_decoder_top_traffic_controller_ch_6_7 HAS_SOPCINFO 1 GENERATION_ID 0                                                                             ; --            ; address_decoder_top_traffic_controller_ch_6_7                                                   ; --         ;
; SLD_INFO                            ; QSYS_NAME address_decoder_top_traffic_controller_ch_8_9 HAS_SOPCINFO 1 GENERATION_ID 0                                                                             ; --            ; address_decoder_top_traffic_controller_ch_8_9                                                   ; --         ;
; SLD_INFO                            ; QSYS_NAME alt_jtag_csr_master HAS_SOPCINFO 1 GENERATION_ID 0                                                                                                       ; --            ; alt_jtag_csr_master                                                                             ; --         ;
; SLD_INFO                            ; QSYS_NAME alt_mge_core_pll HAS_SOPCINFO 1 GENERATION_ID 0                                                                                                          ; --            ; alt_mge_core_pll                                                                                ; --         ;
; SLD_INFO                            ; QSYS_NAME alt_mge_xcvr_atx_pll_10g HAS_SOPCINFO 1 GENERATION_ID 0                                                                                                  ; --            ; alt_mge_xcvr_atx_pll_10g                                                                        ; --         ;
; SLD_INFO                            ; QSYS_NAME alt_mge_xcvr_reset_ctrl_channel HAS_SOPCINFO 1 GENERATION_ID 0                                                                                           ; --            ; alt_mge_xcvr_reset_ctrl_channel                                                                 ; --         ;
; SLD_INFO                            ; QSYS_NAME alt_mge_xcvr_reset_ctrl_txpll HAS_SOPCINFO 1 GENERATION_ID 0                                                                                             ; --            ; alt_mge_xcvr_reset_ctrl_txpll                                                                   ; --         ;
; SLD_INFO                            ; QSYS_NAME alt_usxgmii_mac HAS_SOPCINFO 1 GENERATION_ID 0                                                                                                           ; --            ; alt_usxgmii_mac                                                                                 ; --         ;
; SLD_INFO                            ; QSYS_NAME alt_usxgmii_phy HAS_SOPCINFO 1 GENERATION_ID 0                                                                                                           ; --            ; alt_usxgmii_phy                                                                                 ; --         ;
; SOPCINFO_FILE                       ; rtl/address_decoder/address_decoder_channel/address_decoder_channel.sopcinfo                                                                                       ; --            ; --                                                                                              ; --         ;
; SOPCINFO_FILE                       ; rtl/address_decoder/address_decoder_multi_channel/address_decoder_multi_channel.sopcinfo                                                                           ; --            ; --                                                                                              ; --         ;
; SOPCINFO_FILE                       ; rtl/address_decoder/address_decoder_top/address_decoder_top.sopcinfo                                                                                               ; --            ; --                                                                                              ; --         ;
; SOPCINFO_FILE                       ; rtl/address_decoder/ip/address_decoder_channel/address_decoder_channel_csr_clk/address_decoder_channel_csr_clk.sopcinfo                                            ; --            ; --                                                                                              ; --         ;
; SOPCINFO_FILE                       ; rtl/address_decoder/ip/address_decoder_channel/address_decoder_channel_mac/address_decoder_channel_mac.sopcinfo                                                    ; --            ; --                                                                                              ; --         ;
; SOPCINFO_FILE                       ; rtl/address_decoder/ip/address_decoder_channel/address_decoder_channel_master/address_decoder_channel_master.sopcinfo                                              ; --            ; --                                                                                              ; --         ;
; SOPCINFO_FILE                       ; rtl/address_decoder/ip/address_decoder_channel/address_decoder_channel_phy/address_decoder_channel_phy.sopcinfo                                                    ; --            ; --                                                                                              ; --         ;
; SOPCINFO_FILE                       ; rtl/address_decoder/ip/address_decoder_channel/address_decoder_channel_xcvr_rcfg/address_decoder_channel_xcvr_rcfg.sopcinfo                                        ; --            ; --                                                                                              ; --         ;
; SOPCINFO_FILE                       ; rtl/address_decoder/ip/address_decoder_multi_channel/address_decoder_multi_channel_channel_0/address_decoder_multi_channel_channel_0.sopcinfo                      ; --            ; --                                                                                              ; --         ;
; SOPCINFO_FILE                       ; rtl/address_decoder/ip/address_decoder_multi_channel/address_decoder_multi_channel_channel_1/address_decoder_multi_channel_channel_1.sopcinfo                      ; --            ; --                                                                                              ; --         ;
; SOPCINFO_FILE                       ; rtl/address_decoder/ip/address_decoder_multi_channel/address_decoder_multi_channel_channel_10/address_decoder_multi_channel_channel_10.sopcinfo                    ; --            ; --                                                                                              ; --         ;
; SOPCINFO_FILE                       ; rtl/address_decoder/ip/address_decoder_multi_channel/address_decoder_multi_channel_channel_11/address_decoder_multi_channel_channel_11.sopcinfo                    ; --            ; --                                                                                              ; --         ;
; SOPCINFO_FILE                       ; rtl/address_decoder/ip/address_decoder_multi_channel/address_decoder_multi_channel_channel_2/address_decoder_multi_channel_channel_2.sopcinfo                      ; --            ; --                                                                                              ; --         ;
; SOPCINFO_FILE                       ; rtl/address_decoder/ip/address_decoder_multi_channel/address_decoder_multi_channel_channel_3/address_decoder_multi_channel_channel_3.sopcinfo                      ; --            ; --                                                                                              ; --         ;
; SOPCINFO_FILE                       ; rtl/address_decoder/ip/address_decoder_multi_channel/address_decoder_multi_channel_channel_4/address_decoder_multi_channel_channel_4.sopcinfo                      ; --            ; --                                                                                              ; --         ;
; SOPCINFO_FILE                       ; rtl/address_decoder/ip/address_decoder_multi_channel/address_decoder_multi_channel_channel_5/address_decoder_multi_channel_channel_5.sopcinfo                      ; --            ; --                                                                                              ; --         ;
; SOPCINFO_FILE                       ; rtl/address_decoder/ip/address_decoder_multi_channel/address_decoder_multi_channel_channel_6/address_decoder_multi_channel_channel_6.sopcinfo                      ; --            ; --                                                                                              ; --         ;
; SOPCINFO_FILE                       ; rtl/address_decoder/ip/address_decoder_multi_channel/address_decoder_multi_channel_channel_7/address_decoder_multi_channel_channel_7.sopcinfo                      ; --            ; --                                                                                              ; --         ;
; SOPCINFO_FILE                       ; rtl/address_decoder/ip/address_decoder_multi_channel/address_decoder_multi_channel_channel_8/address_decoder_multi_channel_channel_8.sopcinfo                      ; --            ; --                                                                                              ; --         ;
; SOPCINFO_FILE                       ; rtl/address_decoder/ip/address_decoder_multi_channel/address_decoder_multi_channel_channel_9/address_decoder_multi_channel_channel_9.sopcinfo                      ; --            ; --                                                                                              ; --         ;
; SOPCINFO_FILE                       ; rtl/address_decoder/ip/address_decoder_multi_channel/address_decoder_multi_channel_csr_clk/address_decoder_multi_channel_csr_clk.sopcinfo                          ; --            ; --                                                                                              ; --         ;
; SOPCINFO_FILE                       ; rtl/address_decoder/ip/address_decoder_multi_channel/address_decoder_multi_channel_master/address_decoder_multi_channel_master.sopcinfo                            ; --            ; --                                                                                              ; --         ;
; SOPCINFO_FILE                       ; rtl/address_decoder/ip/address_decoder_top/address_decoder_top_csr_clk/address_decoder_top_csr_clk.sopcinfo                                                        ; --            ; --                                                                                              ; --         ;
; SOPCINFO_FILE                       ; rtl/address_decoder/ip/address_decoder_top/address_decoder_top_mac_clk/address_decoder_top_mac_clk.sopcinfo                                                        ; --            ; --                                                                                              ; --         ;
; SOPCINFO_FILE                       ; rtl/address_decoder/ip/address_decoder_top/address_decoder_top_master/address_decoder_top_master.sopcinfo                                                          ; --            ; --                                                                                              ; --         ;
; SOPCINFO_FILE                       ; rtl/address_decoder/ip/address_decoder_top/address_decoder_top_mm_clock_crossing_bridge/address_decoder_top_mm_clock_crossing_bridge.sopcinfo                      ; --            ; --                                                                                              ; --         ;
; SOPCINFO_FILE                       ; rtl/address_decoder/ip/address_decoder_top/address_decoder_top_multi_channel/address_decoder_top_multi_channel.sopcinfo                                            ; --            ; --                                                                                              ; --         ;
; SOPCINFO_FILE                       ; rtl/address_decoder/ip/address_decoder_top/address_decoder_top_traffic_controller_ch_0_1/address_decoder_top_traffic_controller_ch_0_1.sopcinfo                    ; --            ; --                                                                                              ; --         ;
; SOPCINFO_FILE                       ; rtl/address_decoder/ip/address_decoder_top/address_decoder_top_traffic_controller_ch_10_11/address_decoder_top_traffic_controller_ch_10_11.sopcinfo                ; --            ; --                                                                                              ; --         ;
; SOPCINFO_FILE                       ; rtl/address_decoder/ip/address_decoder_top/address_decoder_top_traffic_controller_ch_2_3/address_decoder_top_traffic_controller_ch_2_3.sopcinfo                    ; --            ; --                                                                                              ; --         ;
; SOPCINFO_FILE                       ; rtl/address_decoder/ip/address_decoder_top/address_decoder_top_traffic_controller_ch_4_5/address_decoder_top_traffic_controller_ch_4_5.sopcinfo                    ; --            ; --                                                                                              ; --         ;
; SOPCINFO_FILE                       ; rtl/address_decoder/ip/address_decoder_top/address_decoder_top_traffic_controller_ch_6_7/address_decoder_top_traffic_controller_ch_6_7.sopcinfo                    ; --            ; --                                                                                              ; --         ;
; SOPCINFO_FILE                       ; rtl/address_decoder/ip/address_decoder_top/address_decoder_top_traffic_controller_ch_8_9/address_decoder_top_traffic_controller_ch_8_9.sopcinfo                    ; --            ; --                                                                                              ; --         ;
; SOPCINFO_FILE                       ; rtl/jtag_avalon_master/alt_jtag_csr_master/alt_jtag_csr_master.sopcinfo                                                                                            ; --            ; --                                                                                              ; --         ;
; SOPCINFO_FILE                       ; rtl/mac/alt_usxgmii_mac/alt_usxgmii_mac.sopcinfo                                                                                                                   ; --            ; --                                                                                              ; --         ;
; SOPCINFO_FILE                       ; rtl/phy/alt_usxgmii_phy/alt_usxgmii_phy.sopcinfo                                                                                                                   ; --            ; --                                                                                              ; --         ;
; SOPCINFO_FILE                       ; rtl/pll_atxpll/alt_mge_xcvr_atx_pll_10g/alt_mge_xcvr_atx_pll_10g.sopcinfo                                                                                          ; --            ; --                                                                                              ; --         ;
; SOPCINFO_FILE                       ; rtl/pll_fpll/alt_mge_core_pll/alt_mge_core_pll.sopcinfo                                                                                                            ; --            ; --                                                                                              ; --         ;
; SOPCINFO_FILE                       ; rtl/xcvr_reset_controller/alt_mge_xcvr_reset_ctrl_channel/alt_mge_xcvr_reset_ctrl_channel.sopcinfo                                                                 ; --            ; --                                                                                              ; --         ;
; SOPCINFO_FILE                       ; rtl/xcvr_reset_controller/alt_mge_xcvr_reset_ctrl_txpll/alt_mge_xcvr_reset_ctrl_txpll.sopcinfo                                                                     ; --            ; --                                                                                              ; --         ;
+-------------------------------------+--------------------------------------------------------------------------------------------------------------------------------------------------------------------+---------------+-------------------------------------------------------------------------------------------------+------------+


+--------------------------------------------------------------------------------+
; Flow Elapsed Time                                                              ;
+-----------------+--------------+-------------------------+---------------------+
; Module Name     ; Elapsed Time ; Average Processors Used ; Peak Virtual Memory ;
+-----------------+--------------+-------------------------+---------------------+
; Synthesis       ; 00:03:04     ; 2.0                     ; 6140 MB             ;
; Fitter          ; 00:08:37     ; 1.2                     ; 9723 MB             ;
; Timing Analyzer ; 00:00:42     ; 1.2                     ; 7300 MB             ;
; Assembler       ; 00:00:22     ; 1.6                     ; 6689 MB             ;
; Total           ; 00:12:45     ; --                      ; --                  ;
+-----------------+--------------+-------------------------+---------------------+


+-------------------------------------------------------------------------------+
; Flow OS Summary                                                               ;
+-----------------+------------------+------------+------------+----------------+
; Module Name     ; Machine Hostname ; OS Name    ; OS Version ; Processor type ;
+-----------------+------------------+------------+------------+----------------+
; Synthesis       ; WINDOWS-2KDMUV7  ; Windows 10 ; 10.0       ; x86_64         ;
; Fitter          ; WINDOWS-2KDMUV7  ; Windows 10 ; 10.0       ; x86_64         ;
; Timing Analyzer ; WINDOWS-2KDMUV7  ; Windows 10 ; 10.0       ; x86_64         ;
; Assembler       ; WINDOWS-2KDMUV7  ; Windows 10 ; 10.0       ; x86_64         ;
+-----------------+------------------+------------+------------+----------------+


------------
; Flow Log ;
------------
quartus_syn --read_settings_files=on --write_settings_files=off altera_eth_top -c altera_eth_top
quartus_syn --read_settings_files=on --write_settings_files=off altera_eth_top -c altera_eth_top
quartus_syn --read_settings_files=on --write_settings_files=off altera_eth_top -c altera_eth_top
quartus_fit --read_settings_files=on --write_settings_files=off altera_eth_top -c altera_eth_top
quartus_sta altera_eth_top -c altera_eth_top --mode=finalize
quartus_asm --read_settings_files=on --write_settings_files=off altera_eth_top -c altera_eth_top



