Info: Generated by version: 18.1 build 222
Info: Starting: Create simulation model
Info: qsys-generate C:\Users\ahaas\AppData\Local\Temp\alt9404_3265990298192936513.dir\0003_alt_em10g32_0_gen\rtl\mac\alt_usxgmii_mac.ip --simulation=VERILOG --allow-mixed-language-simulation --output-directory=C:\Users\ahaas\AppData\Local\Temp\alt9404_3265990298192936513.dir\0003_alt_em10g32_0_gen\rtl\mac\alt_usxgmii_mac --family="Cyclone 10 GX" --part=10CX220YF780I5G
Warning: alt_usxgmii_mac.alt_em10g32_0: Example Design for this setting is not available. Please refer to Presets to apply setting for example design
Info: alt_usxgmii_mac: "Transforming system: alt_usxgmii_mac"
Info: alt_usxgmii_mac: "Naming system components in system: alt_usxgmii_mac"
Info: alt_usxgmii_mac: "Processing generation queue"
Info: alt_usxgmii_mac: "Generating: alt_usxgmii_mac"
Info: alt_usxgmii_mac: "Generating: alt_em10g32"
Info: alt_usxgmii_mac: Done "alt_usxgmii_mac" with 2 modules, 225 files
Info: Generating the following file(s) for MODELSIM simulator in C:/Users/ahaas/AppData/Local/Temp/alt9404_3265990298192936513.dir/0003_alt_em10g32_0_gen/rtl/mac/alt_usxgmii_mac/sim/ directory:
Info: 	common/modelsim_files.tcl
Info: Generating the following file(s) for RIVIERA simulator in C:/Users/ahaas/AppData/Local/Temp/alt9404_3265990298192936513.dir/0003_alt_em10g32_0_gen/rtl/mac/alt_usxgmii_mac/sim/ directory:
Info: 	common/riviera_files.tcl
Info: For information on how to simulate your IP, see the explanatory comments in the simulator-specific subdirectories under C:/Users/ahaas/AppData/Local/Temp/alt9404_3265990298192936513.dir/0003_alt_em10g32_0_gen/rtl/mac/alt_usxgmii_mac/sim/.
Info: Regenerate these scripts whenever you make any change to any Quartus-generated IP in your project.
Info: qsys-generate succeeded.
Info: Finished: Create simulation model
Info: Starting: Create Modelsim Project.
Info: sim-script-gen --system-file=C:\Users\ahaas\AppData\Local\Temp\alt9404_3265990298192936513.dir\0003_alt_em10g32_0_gen\rtl\mac\alt_usxgmii_mac.ip --output-directory=C:/Users/ahaas/AppData/Local/Temp/alt9404_3265990298192936513.dir/0003_alt_em10g32_0_gen/rtl/mac/alt_usxgmii_mac/sim/ --use-relative-paths=true
Info: Generating the following file(s) for MODELSIM simulator in C:/Users/ahaas/AppData/Local/Temp/alt9404_3265990298192936513.dir/0003_alt_em10g32_0_gen/rtl/mac/alt_usxgmii_mac/sim/ directory:
Info: 	mentor/msim_setup.tcl
Info: Generating the following file(s) for RIVIERA simulator in C:/Users/ahaas/AppData/Local/Temp/alt9404_3265990298192936513.dir/0003_alt_em10g32_0_gen/rtl/mac/alt_usxgmii_mac/sim/ directory:
Info: 	aldec/rivierapro_setup.tcl
Info: For information on how to simulate your IP, see the explanatory comments in the simulator-specific subdirectories under C:/Users/ahaas/AppData/Local/Temp/alt9404_3265990298192936513.dir/0003_alt_em10g32_0_gen/rtl/mac/alt_usxgmii_mac/sim/.
Info: Regenerate these scripts whenever you make any change to any Quartus-generated IP in your project.
Info: Finished: Create Modelsim Project.
Info: 
Info: Starting: Create HDL design files for synthesis
Info: qsys-generate C:\Users\ahaas\AppData\Local\Temp\alt9404_3265990298192936513.dir\0003_alt_em10g32_0_gen\rtl\mac\alt_usxgmii_mac.ip --synthesis=VERILOG --output-directory=C:\Users\ahaas\AppData\Local\Temp\alt9404_3265990298192936513.dir\0003_alt_em10g32_0_gen\rtl\mac\alt_usxgmii_mac --family="Cyclone 10 GX" --part=10CX220YF780I5G
Warning: alt_usxgmii_mac.alt_em10g32_0: Example Design for this setting is not available. Please refer to Presets to apply setting for example design
Info: alt_usxgmii_mac: "Transforming system: alt_usxgmii_mac"
Info: alt_usxgmii_mac: "Naming system components in system: alt_usxgmii_mac"
Info: alt_usxgmii_mac: "Processing generation queue"
Info: alt_usxgmii_mac: "Generating: alt_usxgmii_mac"
Info: alt_usxgmii_mac: "Generating: alt_em10g32"
Info: alt_usxgmii_mac: Done "alt_usxgmii_mac" with 2 modules, 97 files
Info: qsys-generate succeeded.
Info: Finished: Create HDL design files for synthesis
Info: Starting: IP-XACT
Info: qsys-generate C:\Users\ahaas\AppData\Local\Temp\alt9404_3265990298192936513.dir\0003_alt_em10g32_0_gen\rtl\mac\alt_usxgmii_mac.ip --synthesis=VERILOG --ipxact --output-directory=C:\Users\ahaas\AppData\Local\Temp\alt9404_3265990298192936513.dir\0003_alt_em10g32_0_gen\rtl\mac\alt_usxgmii_mac --family="Cyclone 10 GX" --part=10CX220YF780I5G
Info: Finished: IP-XACT
