Info: Generated by version: 18.1 build 222
Info: Starting: Create simulation model
Info: qsys-generate C:\Users\ahaas\AppData\Local\Temp\alt9404_3265990298192936513.dir\0003_alt_em10g32_0_gen\rtl\jtag_avalon_master\alt_jtag_csr_master.ip --simulation=VERILOG --allow-mixed-language-simulation --output-directory=C:\Users\ahaas\AppData\Local\Temp\alt9404_3265990298192936513.dir\0003_alt_em10g32_0_gen\rtl\jtag_avalon_master\alt_jtag_csr_master --family="Cyclone 10 GX" --part=10CX220YF780I5G
Info: alt_jtag_csr_master: "Transforming system: alt_jtag_csr_master"
Info: alt_jtag_csr_master: "Naming system components in system: alt_jtag_csr_master"
Info: alt_jtag_csr_master: "Processing generation queue"
Info: alt_jtag_csr_master: "Generating: alt_jtag_csr_master"
Info: alt_jtag_csr_master: "Generating: alt_jtag_csr_master_altera_jtag_avalon_master_181_2tlssti"
Info: alt_jtag_csr_master: "Generating: altera_avalon_st_jtag_interface"
Info: alt_jtag_csr_master: "Generating: alt_jtag_csr_master_timing_adapter_181_5bygnli"
Info: alt_jtag_csr_master: "Generating: alt_jtag_csr_master_altera_avalon_sc_fifo_181_hseo73i"
Info: alt_jtag_csr_master: "Generating: altera_avalon_st_bytes_to_packets"
Info: alt_jtag_csr_master: "Generating: altera_avalon_st_packets_to_bytes"
Info: alt_jtag_csr_master: "Generating: altera_avalon_packets_to_master"
Info: alt_jtag_csr_master: "Generating: alt_jtag_csr_master_channel_adapter_181_brosi3y"
Info: alt_jtag_csr_master: "Generating: alt_jtag_csr_master_channel_adapter_181_imsynky"
Info: alt_jtag_csr_master: "Generating: altera_reset_controller"
Info: alt_jtag_csr_master: Done "alt_jtag_csr_master" with 11 modules, 23 files
Info: Generating the following file(s) for MODELSIM simulator in C:/Users/ahaas/AppData/Local/Temp/alt9404_3265990298192936513.dir/0003_alt_em10g32_0_gen/rtl/jtag_avalon_master/alt_jtag_csr_master/sim/ directory:
Info: 	common/modelsim_files.tcl
Info: Generating the following file(s) for RIVIERA simulator in C:/Users/ahaas/AppData/Local/Temp/alt9404_3265990298192936513.dir/0003_alt_em10g32_0_gen/rtl/jtag_avalon_master/alt_jtag_csr_master/sim/ directory:
Info: 	common/riviera_files.tcl
Info: For information on how to simulate your IP, see the explanatory comments in the simulator-specific subdirectories under C:/Users/ahaas/AppData/Local/Temp/alt9404_3265990298192936513.dir/0003_alt_em10g32_0_gen/rtl/jtag_avalon_master/alt_jtag_csr_master/sim/.
Info: Regenerate these scripts whenever you make any change to any Quartus-generated IP in your project.
Info: qsys-generate succeeded.
Info: Finished: Create simulation model
Info: Starting: Create Modelsim Project.
Info: sim-script-gen --system-file=C:\Users\ahaas\AppData\Local\Temp\alt9404_3265990298192936513.dir\0003_alt_em10g32_0_gen\rtl\jtag_avalon_master\alt_jtag_csr_master.ip --output-directory=C:/Users/ahaas/AppData/Local/Temp/alt9404_3265990298192936513.dir/0003_alt_em10g32_0_gen/rtl/jtag_avalon_master/alt_jtag_csr_master/sim/ --use-relative-paths=true
Info: Generating the following file(s) for MODELSIM simulator in C:/Users/ahaas/AppData/Local/Temp/alt9404_3265990298192936513.dir/0003_alt_em10g32_0_gen/rtl/jtag_avalon_master/alt_jtag_csr_master/sim/ directory:
Info: 	mentor/msim_setup.tcl
Info: Generating the following file(s) for RIVIERA simulator in C:/Users/ahaas/AppData/Local/Temp/alt9404_3265990298192936513.dir/0003_alt_em10g32_0_gen/rtl/jtag_avalon_master/alt_jtag_csr_master/sim/ directory:
Info: 	aldec/rivierapro_setup.tcl
Info: For information on how to simulate your IP, see the explanatory comments in the simulator-specific subdirectories under C:/Users/ahaas/AppData/Local/Temp/alt9404_3265990298192936513.dir/0003_alt_em10g32_0_gen/rtl/jtag_avalon_master/alt_jtag_csr_master/sim/.
Info: Regenerate these scripts whenever you make any change to any Quartus-generated IP in your project.
Info: Finished: Create Modelsim Project.
Info: 
Info: Starting: Create HDL design files for synthesis
Info: qsys-generate C:\Users\ahaas\AppData\Local\Temp\alt9404_3265990298192936513.dir\0003_alt_em10g32_0_gen\rtl\jtag_avalon_master\alt_jtag_csr_master.ip --synthesis=VERILOG --output-directory=C:\Users\ahaas\AppData\Local\Temp\alt9404_3265990298192936513.dir\0003_alt_em10g32_0_gen\rtl\jtag_avalon_master\alt_jtag_csr_master --family="Cyclone 10 GX" --part=10CX220YF780I5G
Info: alt_jtag_csr_master: "Transforming system: alt_jtag_csr_master"
Info: alt_jtag_csr_master: "Naming system components in system: alt_jtag_csr_master"
Info: alt_jtag_csr_master: "Processing generation queue"
Info: alt_jtag_csr_master: "Generating: alt_jtag_csr_master"
Info: alt_jtag_csr_master: "Generating: alt_jtag_csr_master_altera_jtag_avalon_master_181_2tlssti"
Info: alt_jtag_csr_master: "Generating: altera_avalon_st_jtag_interface"
Info: alt_jtag_csr_master: "Generating: alt_jtag_csr_master_timing_adapter_181_5bygnli"
Info: alt_jtag_csr_master: "Generating: alt_jtag_csr_master_altera_avalon_sc_fifo_181_hseo73i"
Info: alt_jtag_csr_master: "Generating: altera_avalon_st_bytes_to_packets"
Info: alt_jtag_csr_master: "Generating: altera_avalon_st_packets_to_bytes"
Info: alt_jtag_csr_master: "Generating: altera_avalon_packets_to_master"
Info: alt_jtag_csr_master: "Generating: alt_jtag_csr_master_channel_adapter_181_brosi3y"
Info: alt_jtag_csr_master: "Generating: alt_jtag_csr_master_channel_adapter_181_imsynky"
Info: alt_jtag_csr_master: "Generating: altera_reset_controller"
Info: alt_jtag_csr_master: Done "alt_jtag_csr_master" with 11 modules, 23 files
Info: qsys-generate succeeded.
Info: Finished: Create HDL design files for synthesis
Info: Starting: IP-XACT
Info: qsys-generate C:\Users\ahaas\AppData\Local\Temp\alt9404_3265990298192936513.dir\0003_alt_em10g32_0_gen\rtl\jtag_avalon_master\alt_jtag_csr_master.ip --synthesis=VERILOG --ipxact --output-directory=C:\Users\ahaas\AppData\Local\Temp\alt9404_3265990298192936513.dir\0003_alt_em10g32_0_gen\rtl\jtag_avalon_master\alt_jtag_csr_master --family="Cyclone 10 GX" --part=10CX220YF780I5G
Info: Finished: IP-XACT
