Info: Generated by version: 18.1 build 222
Info: Starting: Create simulation model
Info: qsys-generate C:\Users\ahaas\AppData\Local\Temp\alt9404_3265990298192936513.dir\0003_alt_em10g32_0_gen\rtl\address_decoder\ip\address_decoder_multi_channel\address_decoder_multi_channel_channel_7.ip --simulation=VERILOG --allow-mixed-language-simulation --output-directory=C:\Users\ahaas\AppData\Local\Temp\alt9404_3265990298192936513.dir\0003_alt_em10g32_0_gen\rtl\address_decoder\ip\address_decoder_multi_channel\address_decoder_multi_channel_channel_7 --family="Cyclone 10 GX" --part=10CX220YF780I5G
Warning: channel_7: Used altera_merlin_slave_translator 18.1 (instead of 18.0)
Info: address_decoder_multi_channel_channel_7: "Transforming system: address_decoder_multi_channel_channel_7"
Info: address_decoder_multi_channel_channel_7: "Naming system components in system: address_decoder_multi_channel_channel_7"
Info: address_decoder_multi_channel_channel_7: "Processing generation queue"
Info: address_decoder_multi_channel_channel_7: "Generating: address_decoder_multi_channel_channel_7"
Info: address_decoder_multi_channel_channel_7: "Generating: address_decoder_multi_channel_channel_7_altera_merlin_slave_translator_181_5aswt6a"
Info: address_decoder_multi_channel_channel_7: Done "address_decoder_multi_channel_channel_7" with 2 modules, 2 files
Info: Generating the following file(s) for MODELSIM simulator in C:/Users/ahaas/AppData/Local/Temp/alt9404_3265990298192936513.dir/0003_alt_em10g32_0_gen/rtl/address_decoder/ip/address_decoder_multi_channel/address_decoder_multi_channel_channel_7/sim/ directory:
Info: 	common/modelsim_files.tcl
Info: Generating the following file(s) for RIVIERA simulator in C:/Users/ahaas/AppData/Local/Temp/alt9404_3265990298192936513.dir/0003_alt_em10g32_0_gen/rtl/address_decoder/ip/address_decoder_multi_channel/address_decoder_multi_channel_channel_7/sim/ directory:
Info: 	common/riviera_files.tcl
Info: For information on how to simulate your IP, see the explanatory comments in the simulator-specific subdirectories under C:/Users/ahaas/AppData/Local/Temp/alt9404_3265990298192936513.dir/0003_alt_em10g32_0_gen/rtl/address_decoder/ip/address_decoder_multi_channel/address_decoder_multi_channel_channel_7/sim/.
Info: Regenerate these scripts whenever you make any change to any Quartus-generated IP in your project.
Info: qsys-generate succeeded.
Info: Finished: Create simulation model
Info: 
Info: Starting: Create HDL design files for synthesis
Info: qsys-generate C:\Users\ahaas\AppData\Local\Temp\alt9404_3265990298192936513.dir\0003_alt_em10g32_0_gen\rtl\address_decoder\ip\address_decoder_multi_channel\address_decoder_multi_channel_channel_7.ip --synthesis=VERILOG --output-directory=C:\Users\ahaas\AppData\Local\Temp\alt9404_3265990298192936513.dir\0003_alt_em10g32_0_gen\rtl\address_decoder\ip\address_decoder_multi_channel\address_decoder_multi_channel_channel_7 --family="Cyclone 10 GX" --part=10CX220YF780I5G
Warning: channel_7: Used altera_merlin_slave_translator 18.1 (instead of 18.0)
Info: address_decoder_multi_channel_channel_7: "Transforming system: address_decoder_multi_channel_channel_7"
Info: address_decoder_multi_channel_channel_7: "Naming system components in system: address_decoder_multi_channel_channel_7"
Info: address_decoder_multi_channel_channel_7: "Processing generation queue"
Info: address_decoder_multi_channel_channel_7: "Generating: address_decoder_multi_channel_channel_7"
Info: address_decoder_multi_channel_channel_7: "Generating: address_decoder_multi_channel_channel_7_altera_merlin_slave_translator_181_5aswt6a"
Info: address_decoder_multi_channel_channel_7: Done "address_decoder_multi_channel_channel_7" with 2 modules, 2 files
Info: qsys-generate succeeded.
Info: Finished: Create HDL design files for synthesis
Info: Starting: IP-XACT
Info: qsys-generate C:\Users\ahaas\AppData\Local\Temp\alt9404_3265990298192936513.dir\0003_alt_em10g32_0_gen\rtl\address_decoder\ip\address_decoder_multi_channel\address_decoder_multi_channel_channel_7.ip --synthesis=VERILOG --ipxact --output-directory=C:\Users\ahaas\AppData\Local\Temp\alt9404_3265990298192936513.dir\0003_alt_em10g32_0_gen\rtl\address_decoder\ip\address_decoder_multi_channel\address_decoder_multi_channel_channel_7 --family="Cyclone 10 GX" --part=10CX220YF780I5G
Info: Finished: IP-XACT
