Info: Generated by version: 18.1 build 222
Info: Starting: Create simulation model
Info: qsys-generate C:\Users\ahaas\AppData\Local\Temp\alt9404_3265990298192936513.dir\0003_alt_em10g32_0_gen\rtl\address_decoder\address_decoder_multi_channel.qsys --simulation=VERILOG --allow-mixed-language-simulation --output-directory=C:\Users\ahaas\AppData\Local\Temp\alt9404_3265990298192936513.dir\0003_alt_em10g32_0_gen\rtl\address_decoder\address_decoder_multi_channel --family="Cyclone 10 GX" --part=10CX220YF780I5G
Progress: Loading address_decoder/address_decoder_multi_channel.qsys
Progress: Reading input file
Progress: Adding channel_0 [altera_generic_component 1.0]
Progress: Parameterizing module channel_0
Progress: Adding channel_1 [altera_generic_component 1.0]
Progress: Parameterizing module channel_1
Progress: Adding channel_10 [altera_generic_component 1.0]
Progress: Parameterizing module channel_10
Progress: Adding channel_11 [altera_generic_component 1.0]
Progress: Parameterizing module channel_11
Progress: Adding channel_2 [altera_generic_component 1.0]
Progress: Parameterizing module channel_2
Progress: Adding channel_3 [altera_generic_component 1.0]
Progress: Parameterizing module channel_3
Progress: Adding channel_4 [altera_generic_component 1.0]
Progress: Parameterizing module channel_4
Progress: Adding channel_5 [altera_generic_component 1.0]
Progress: Parameterizing module channel_5
Progress: Adding channel_6 [altera_generic_component 1.0]
Progress: Parameterizing module channel_6
Progress: Adding channel_7 [altera_generic_component 1.0]
Progress: Parameterizing module channel_7
Progress: Adding channel_8 [altera_generic_component 1.0]
Progress: Parameterizing module channel_8
Progress: Adding channel_9 [altera_generic_component 1.0]
Progress: Parameterizing module channel_9
Progress: Adding csr_clk [altera_generic_component 1.0]
Progress: Parameterizing module csr_clk
Progress: Adding master [altera_generic_component 1.0]
Progress: Parameterizing module master
Progress: Building connections
Progress: Parameterizing connections
Progress: Validating
Progress: Done reading input file
Component Instantiation Warning: address_decoder_multi_channel.channel_0: Project Setting information doesn't match IP Variant file. Double-click to open System Info tab.
Component Instantiation Warning: address_decoder_multi_channel.channel_1: Project Setting information doesn't match IP Variant file. Double-click to open System Info tab.
Component Instantiation Warning: address_decoder_multi_channel.channel_10: Project Setting information doesn't match IP Variant file. Double-click to open System Info tab.
Component Instantiation Warning: address_decoder_multi_channel.channel_11: Project Setting information doesn't match IP Variant file. Double-click to open System Info tab.
Component Instantiation Warning: address_decoder_multi_channel.channel_2: Project Setting information doesn't match IP Variant file. Double-click to open System Info tab.
Component Instantiation Warning: address_decoder_multi_channel.channel_3: Project Setting information doesn't match IP Variant file. Double-click to open System Info tab.
Component Instantiation Warning: address_decoder_multi_channel.channel_4: Project Setting information doesn't match IP Variant file. Double-click to open System Info tab.
Component Instantiation Warning: address_decoder_multi_channel.channel_5: Project Setting information doesn't match IP Variant file. Double-click to open System Info tab.
Component Instantiation Warning: address_decoder_multi_channel.channel_6: Project Setting information doesn't match IP Variant file. Double-click to open System Info tab.
Component Instantiation Warning: address_decoder_multi_channel.channel_7: Project Setting information doesn't match IP Variant file. Double-click to open System Info tab.
Component Instantiation Warning: address_decoder_multi_channel.channel_8: Project Setting information doesn't match IP Variant file. Double-click to open System Info tab.
Component Instantiation Warning: address_decoder_multi_channel.channel_9: Project Setting information doesn't match IP Variant file. Double-click to open System Info tab.
Component Instantiation Warning: address_decoder_multi_channel.csr_clk: Project Setting information doesn't match IP Variant file. Double-click to open System Info tab.
Component Instantiation Warning: address_decoder_multi_channel.master: Project Setting information doesn't match IP Variant file. Double-click to open System Info tab.
Info: address_decoder_multi_channel: "Transforming system: address_decoder_multi_channel"
Info: address_decoder_multi_channel: "Naming system components in system: address_decoder_multi_channel"
Info: address_decoder_multi_channel: "Processing generation queue"
Info: address_decoder_multi_channel: "Generating: address_decoder_multi_channel"
Info: address_decoder_multi_channel: "Generating: address_decoder_multi_channel_channel_0"
Info: address_decoder_multi_channel: "Generating: address_decoder_multi_channel_channel_1"
Info: address_decoder_multi_channel: "Generating: address_decoder_multi_channel_channel_10"
Info: address_decoder_multi_channel: "Generating: address_decoder_multi_channel_channel_11"
Info: address_decoder_multi_channel: "Generating: address_decoder_multi_channel_channel_2"
Info: address_decoder_multi_channel: "Generating: address_decoder_multi_channel_channel_3"
Info: address_decoder_multi_channel: "Generating: address_decoder_multi_channel_channel_4"
Info: address_decoder_multi_channel: "Generating: address_decoder_multi_channel_channel_5"
Info: address_decoder_multi_channel: "Generating: address_decoder_multi_channel_channel_6"
Info: address_decoder_multi_channel: "Generating: address_decoder_multi_channel_channel_7"
Info: address_decoder_multi_channel: "Generating: address_decoder_multi_channel_channel_8"
Info: address_decoder_multi_channel: "Generating: address_decoder_multi_channel_channel_9"
Info: address_decoder_multi_channel: "Generating: address_decoder_multi_channel_csr_clk"
Info: address_decoder_multi_channel: "Generating: address_decoder_multi_channel_master"
Info: address_decoder_multi_channel: "Generating: address_decoder_multi_channel_altera_mm_interconnect_181_2yhwuoa"
Info: address_decoder_multi_channel: "Generating: altera_reset_controller"
Info: address_decoder_multi_channel: "Generating: address_decoder_multi_channel_altera_merlin_master_translator_181_mhudjri"
Info: address_decoder_multi_channel: "Generating: address_decoder_multi_channel_altera_merlin_slave_translator_181_5aswt6a"
Info: address_decoder_multi_channel: "Generating: address_decoder_multi_channel_altera_merlin_master_agent_181_t5eyqrq"
Info: address_decoder_multi_channel: "Generating: address_decoder_multi_channel_altera_merlin_slave_agent_181_a7g37xa"
Info: address_decoder_multi_channel: "Generating: address_decoder_multi_channel_altera_avalon_sc_fifo_181_hseo73i"
Info: address_decoder_multi_channel: "Generating: address_decoder_multi_channel_altera_merlin_router_181_2r62dfa"
Info: address_decoder_multi_channel: "Generating: address_decoder_multi_channel_altera_merlin_router_181_ssua6gq"
Info: address_decoder_multi_channel: "Generating: address_decoder_multi_channel_altera_merlin_traffic_limiter_181_reppfiq"
Info: my_altera_avalon_sc_fifo_dest_id_fifo: "Generating: my_altera_avalon_sc_fifo_dest_id_fifo"
Info: my_alt_hiconnect_sc_fifo_dest_id_fifo: "Generating: my_alt_hiconnect_sc_fifo_dest_id_fifo"
Info: address_decoder_multi_channel: "Generating: address_decoder_multi_channel_altera_merlin_demultiplexer_181_5j5bexa"
Info: address_decoder_multi_channel: "Generating: address_decoder_multi_channel_altera_merlin_multiplexer_181_grdugky"
Info: address_decoder_multi_channel: "Generating: address_decoder_multi_channel_altera_merlin_demultiplexer_181_otwqgqi"
Info: address_decoder_multi_channel: "Generating: address_decoder_multi_channel_altera_merlin_multiplexer_181_txx6epa"
Info: address_decoder_multi_channel: "Generating: address_decoder_multi_channel_altera_merlin_traffic_limiter_181_3qlefua"
Info: address_decoder_multi_channel: "Generating: address_decoder_multi_channel_altera_merlin_traffic_limiter_181_cjprurq"
Info: address_decoder_multi_channel: "Generating: address_decoder_multi_channel_alt_hiconnect_sc_fifo_181_cjmuh4a"
Info: address_decoder_multi_channel: Done "address_decoder_multi_channel" with 32 modules, 31 files
Info: Generating the following file(s) for MODELSIM simulator in C:/Users/ahaas/AppData/Local/Temp/alt9404_3265990298192936513.dir/0003_alt_em10g32_0_gen/rtl/address_decoder/address_decoder_multi_channel/sim/ directory:
Info: 	common/modelsim_files.tcl
Info: Generating the following file(s) for RIVIERA simulator in C:/Users/ahaas/AppData/Local/Temp/alt9404_3265990298192936513.dir/0003_alt_em10g32_0_gen/rtl/address_decoder/address_decoder_multi_channel/sim/ directory:
Info: 	common/riviera_files.tcl
Info: For information on how to simulate your IP, see the explanatory comments in the simulator-specific subdirectories under C:/Users/ahaas/AppData/Local/Temp/alt9404_3265990298192936513.dir/0003_alt_em10g32_0_gen/rtl/address_decoder/address_decoder_multi_channel/sim/.
Info: Regenerate these scripts whenever you make any change to any Quartus-generated IP in your project.
Info: qsys-generate succeeded.
Info: Finished: Create simulation model
Info: Starting: Create Modelsim Project.
Info: sim-script-gen --system-file=C:\Users\ahaas\AppData\Local\Temp\alt9404_3265990298192936513.dir\0003_alt_em10g32_0_gen\rtl\address_decoder\address_decoder_multi_channel.qsys --output-directory=C:/Users/ahaas/AppData/Local/Temp/alt9404_3265990298192936513.dir/0003_alt_em10g32_0_gen/rtl/address_decoder/address_decoder_multi_channel/sim/ --use-relative-paths=true
Info: Generating the following file(s) for MODELSIM simulator in C:/Users/ahaas/AppData/Local/Temp/alt9404_3265990298192936513.dir/0003_alt_em10g32_0_gen/rtl/address_decoder/address_decoder_multi_channel/sim/ directory:
Info: 	mentor/msim_setup.tcl
Info: Generating the following file(s) for RIVIERA simulator in C:/Users/ahaas/AppData/Local/Temp/alt9404_3265990298192936513.dir/0003_alt_em10g32_0_gen/rtl/address_decoder/address_decoder_multi_channel/sim/ directory:
Info: 	aldec/rivierapro_setup.tcl
Info: For information on how to simulate your IP, see the explanatory comments in the simulator-specific subdirectories under C:/Users/ahaas/AppData/Local/Temp/alt9404_3265990298192936513.dir/0003_alt_em10g32_0_gen/rtl/address_decoder/address_decoder_multi_channel/sim/.
Info: Regenerate these scripts whenever you make any change to any Quartus-generated IP in your project.
Info: Finished: Create Modelsim Project.
Info: 
Info: Starting: Create HDL design files for synthesis
Info: qsys-generate C:\Users\ahaas\AppData\Local\Temp\alt9404_3265990298192936513.dir\0003_alt_em10g32_0_gen\rtl\address_decoder\address_decoder_multi_channel.qsys --synthesis=VERILOG --output-directory=C:\Users\ahaas\AppData\Local\Temp\alt9404_3265990298192936513.dir\0003_alt_em10g32_0_gen\rtl\address_decoder\address_decoder_multi_channel --family="Cyclone 10 GX" --part=10CX220YF780I5G
Progress: Loading address_decoder/address_decoder_multi_channel.qsys
Progress: Reading input file
Progress: Adding channel_0 [altera_generic_component 1.0]
Progress: Parameterizing module channel_0
Progress: Adding channel_1 [altera_generic_component 1.0]
Progress: Parameterizing module channel_1
Progress: Adding channel_10 [altera_generic_component 1.0]
Progress: Parameterizing module channel_10
Progress: Adding channel_11 [altera_generic_component 1.0]
Progress: Parameterizing module channel_11
Progress: Adding channel_2 [altera_generic_component 1.0]
Progress: Parameterizing module channel_2
Progress: Adding channel_3 [altera_generic_component 1.0]
Progress: Parameterizing module channel_3
Progress: Adding channel_4 [altera_generic_component 1.0]
Progress: Parameterizing module channel_4
Progress: Adding channel_5 [altera_generic_component 1.0]
Progress: Parameterizing module channel_5
Progress: Adding channel_6 [altera_generic_component 1.0]
Progress: Parameterizing module channel_6
Progress: Adding channel_7 [altera_generic_component 1.0]
Progress: Parameterizing module channel_7
Progress: Adding channel_8 [altera_generic_component 1.0]
Progress: Parameterizing module channel_8
Progress: Adding channel_9 [altera_generic_component 1.0]
Progress: Parameterizing module channel_9
Progress: Adding csr_clk [altera_generic_component 1.0]
Progress: Parameterizing module csr_clk
Progress: Adding master [altera_generic_component 1.0]
Progress: Parameterizing module master
Progress: Building connections
Progress: Parameterizing connections
Progress: Validating
Progress: Done reading input file
Component Instantiation Warning: address_decoder_multi_channel.channel_0: Project Setting information doesn't match IP Variant file. Double-click to open System Info tab.
Component Instantiation Warning: address_decoder_multi_channel.channel_1: Project Setting information doesn't match IP Variant file. Double-click to open System Info tab.
Component Instantiation Warning: address_decoder_multi_channel.channel_10: Project Setting information doesn't match IP Variant file. Double-click to open System Info tab.
Component Instantiation Warning: address_decoder_multi_channel.channel_11: Project Setting information doesn't match IP Variant file. Double-click to open System Info tab.
Component Instantiation Warning: address_decoder_multi_channel.channel_2: Project Setting information doesn't match IP Variant file. Double-click to open System Info tab.
Component Instantiation Warning: address_decoder_multi_channel.channel_3: Project Setting information doesn't match IP Variant file. Double-click to open System Info tab.
Component Instantiation Warning: address_decoder_multi_channel.channel_4: Project Setting information doesn't match IP Variant file. Double-click to open System Info tab.
Component Instantiation Warning: address_decoder_multi_channel.channel_5: Project Setting information doesn't match IP Variant file. Double-click to open System Info tab.
Component Instantiation Warning: address_decoder_multi_channel.channel_6: Project Setting information doesn't match IP Variant file. Double-click to open System Info tab.
Component Instantiation Warning: address_decoder_multi_channel.channel_7: Project Setting information doesn't match IP Variant file. Double-click to open System Info tab.
Component Instantiation Warning: address_decoder_multi_channel.channel_8: Project Setting information doesn't match IP Variant file. Double-click to open System Info tab.
Component Instantiation Warning: address_decoder_multi_channel.channel_9: Project Setting information doesn't match IP Variant file. Double-click to open System Info tab.
Component Instantiation Warning: address_decoder_multi_channel.csr_clk: Project Setting information doesn't match IP Variant file. Double-click to open System Info tab.
Component Instantiation Warning: address_decoder_multi_channel.master: Project Setting information doesn't match IP Variant file. Double-click to open System Info tab.
Info: address_decoder_multi_channel: "Transforming system: address_decoder_multi_channel"
Info: address_decoder_multi_channel: "Naming system components in system: address_decoder_multi_channel"
Info: address_decoder_multi_channel: "Processing generation queue"
Info: address_decoder_multi_channel: "Generating: address_decoder_multi_channel"
Info: address_decoder_multi_channel: "Generating: address_decoder_multi_channel_channel_0"
Info: address_decoder_multi_channel: "Generating: address_decoder_multi_channel_channel_1"
Info: address_decoder_multi_channel: "Generating: address_decoder_multi_channel_channel_10"
Info: address_decoder_multi_channel: "Generating: address_decoder_multi_channel_channel_11"
Info: address_decoder_multi_channel: "Generating: address_decoder_multi_channel_channel_2"
Info: address_decoder_multi_channel: "Generating: address_decoder_multi_channel_channel_3"
Info: address_decoder_multi_channel: "Generating: address_decoder_multi_channel_channel_4"
Info: address_decoder_multi_channel: "Generating: address_decoder_multi_channel_channel_5"
Info: address_decoder_multi_channel: "Generating: address_decoder_multi_channel_channel_6"
Info: address_decoder_multi_channel: "Generating: address_decoder_multi_channel_channel_7"
Info: address_decoder_multi_channel: "Generating: address_decoder_multi_channel_channel_8"
Info: address_decoder_multi_channel: "Generating: address_decoder_multi_channel_channel_9"
Info: address_decoder_multi_channel: "Generating: address_decoder_multi_channel_csr_clk"
Info: address_decoder_multi_channel: "Generating: address_decoder_multi_channel_master"
Info: address_decoder_multi_channel: "Generating: address_decoder_multi_channel_altera_mm_interconnect_181_2yhwuoa"
Info: address_decoder_multi_channel: "Generating: altera_reset_controller"
Info: address_decoder_multi_channel: "Generating: address_decoder_multi_channel_altera_merlin_master_translator_181_mhudjri"
Info: address_decoder_multi_channel: "Generating: address_decoder_multi_channel_altera_merlin_slave_translator_181_5aswt6a"
Info: address_decoder_multi_channel: "Generating: address_decoder_multi_channel_altera_merlin_master_agent_181_t5eyqrq"
Info: address_decoder_multi_channel: "Generating: address_decoder_multi_channel_altera_merlin_slave_agent_181_a7g37xa"
Info: address_decoder_multi_channel: "Generating: address_decoder_multi_channel_altera_avalon_sc_fifo_181_hseo73i"
Info: address_decoder_multi_channel: "Generating: address_decoder_multi_channel_altera_merlin_router_181_2r62dfa"
Info: address_decoder_multi_channel: "Generating: address_decoder_multi_channel_altera_merlin_router_181_ssua6gq"
Info: address_decoder_multi_channel: "Generating: address_decoder_multi_channel_altera_merlin_traffic_limiter_181_reppfiq"
Info: my_altera_avalon_sc_fifo_dest_id_fifo: "Generating: my_altera_avalon_sc_fifo_dest_id_fifo"
Info: my_alt_hiconnect_sc_fifo_dest_id_fifo: "Generating: my_alt_hiconnect_sc_fifo_dest_id_fifo"
Info: address_decoder_multi_channel: "Generating: address_decoder_multi_channel_altera_merlin_demultiplexer_181_5j5bexa"
Info: address_decoder_multi_channel: "Generating: address_decoder_multi_channel_altera_merlin_multiplexer_181_grdugky"
Info: address_decoder_multi_channel: "Generating: address_decoder_multi_channel_altera_merlin_demultiplexer_181_otwqgqi"
Info: address_decoder_multi_channel: "Generating: address_decoder_multi_channel_altera_merlin_multiplexer_181_txx6epa"
Info: address_decoder_multi_channel: "Generating: address_decoder_multi_channel_altera_merlin_traffic_limiter_181_3qlefua"
Info: address_decoder_multi_channel: "Generating: address_decoder_multi_channel_altera_merlin_traffic_limiter_181_cjprurq"
Info: address_decoder_multi_channel: "Generating: address_decoder_multi_channel_alt_hiconnect_sc_fifo_181_cjmuh4a"
Info: address_decoder_multi_channel: Done "address_decoder_multi_channel" with 32 modules, 31 files
Info: qsys-generate succeeded.
Info: Finished: Create HDL design files for synthesis
Info: Starting: IP-XACT
Info: qsys-generate C:\Users\ahaas\AppData\Local\Temp\alt9404_3265990298192936513.dir\0003_alt_em10g32_0_gen\rtl\address_decoder\address_decoder_multi_channel.qsys --synthesis=VERILOG --ipxact --output-directory=C:\Users\ahaas\AppData\Local\Temp\alt9404_3265990298192936513.dir\0003_alt_em10g32_0_gen\rtl\address_decoder\address_decoder_multi_channel --family="Cyclone 10 GX" --part=10CX220YF780I5G
Info: Finished: IP-XACT
