Info: Generated by version: 18.1 build 222
Info: Starting: Create HDL design files for synthesis
Info: qsys-generate C:\Users\ahaas\Downloads\bts_config_eth_18\alt_em10g32_2_EXAMPLE_DESIGN\LL10G_10G_USXGMII\qdb\.t\63ef948541a5.tmp\.temp\sld_fabrics\ipgen\alt_sld_fab_0\alt_sld_fab_0.ip --synthesis=VERILOG --output-directory=C:\Users\ahaas\Downloads\bts_config_eth_18\alt_em10g32_2_EXAMPLE_DESIGN\LL10G_10G_USXGMII\qdb\.t\63ef948541a5.tmp\.temp\sld_fabrics\ipgen\alt_sld_fab_0\alt_sld_fab_0 --family="Cyclone 10 GX" --part=10CX220YF780I5G
Info: alt_sld_fab_0.alt_sld_fab_0.alt_sld_fab_0: SLD fabric agents which did not specify prefer_host were connected to JTAG
Warning: alt_sld_fab_0.alt_sld_fab_0.alt_sld_fab_0.splitter: splitter.nodes must be exported, or connected to a matching conduit as it has unconnected inputs.
Warning: alt_sld_fab_0.alt_sld_fab_0.alt_sld_fab_0.jtagpins: jtagpins.pins must be exported, or connected to a matching conduit as it has unconnected inputs.
Info: alt_sld_fab_0: "Transforming system: alt_sld_fab_0"
Info: alt_sld_fab_0: "Naming system components in system: alt_sld_fab_0"
Info: alt_sld_fab_0: "Processing generation queue"
Info: alt_sld_fab_0: "Generating: alt_sld_fab_0"
Info: alt_sld_fab_0: "Generating: alt_sld_fab_0_alt_sld_fab_0_10_mgvf7lq"
Info: alt_sld_fab_0: "Generating: alt_sld_fab_0_alt_sld_fab_181_pa34ryi"
Info: alt_sld_fab_0: "Generating: alt_sld_fab_0_altera_sld_splitter_181_l3sfgga"
Info: alt_sld_fab_0: "Generating: altera_ocp_fabric"
Info: alt_sld_fab_0: "Generating: altera_jtag_wys_atom"
Info: alt_sld_fab_0: "Generating: alt_sld_fab_0_altera_sld_jtag_hub_181_pevcwri"
Info: alt_sld_fab_0: "Generating: alt_sld_fab_0_altera_connection_identification_hub_181_lx4dn7y"
Info: alt_sld_fab_0: "Generating: alt_sld_fab_0_altera_a10_xcvr_reset_sequencer_181_2w4xi5i"
Info: alt_sld_fab_0: Done "alt_sld_fab_0" with 9 modules, 11 files
Info: qsys-generate succeeded.
Info: Finished: Create HDL design files for synthesis
